2022-12-16 14:51:23,543 - weather-telegram - INFO - Getting updates
2022-12-16 14:51:23,672 - weather-telegram - DEBUG - URL: https://api.telegram.org/bot5537243600:AAEOiIAfpk89B_0wawqFOrJ0DffYx48Ybr8/getUpdates?timeout=None
2022-12-16 14:51:25,208 - weather-telegram - INFO - Getting updates
2022-12-16 14:51:25,211 - weather-telegram - DEBUG - URL: https://api.telegram.org/bot5537243600:AAEOiIAfpk89B_0wawqFOrJ0DffYx48Ybr8/getUpdates?timeout=None
2022-12-16 14:51:29,329 - weather-telegram - INFO - Getting updates
2022-12-16 14:51:29,400 - weather-telegram - DEBUG - URL: https://api.telegram.org/bot5537243600:AAEOiIAfpk89B_0wawqFOrJ0DffYx48Ybr8/getUpdates?timeout=None
2022-12-16 14:51:30,682 - weather-telegram - INFO - Getting updates
2022-12-16 14:51:30,916 - weather-telegram - DEBUG - URL: https://api.telegram.org/bot5537243600:AAEOiIAfpk89B_0wawqFOrJ0DffYx48Ybr8/getUpdates?timeout=None
2022-12-16 14:51:35,154 - weather-telegram - INFO - Getting updates
2022-12-16 14:51:35,164 - weather-telegram - DEBUG - URL: https://api.telegram.org/bot5537243600:AAEOiIAfpk89B_0wawqFOrJ0DffYx48Ybr8/getUpdates?timeout=None
2022-12-16 14:51:36,277 - weather-telegram - INFO - Getting updates
2022-12-16 14:51:36,283 - weather-telegram - DEBUG - URL: https://api.telegram.org/bot5537243600:AAEOiIAfpk89B_0wawqFOrJ0DffYx48Ybr8/getUpdates?timeout=None
2022-12-16 14:51:40,410 - weather-telegram - INFO - Getting updates
2022-12-16 14:51:40,410 - weather-telegram - DEBUG - URL: https://api.telegram.org/bot5537243600:AAEOiIAfpk89B_0wawqFOrJ0DffYx48Ybr8/getUpdates?timeout=None
2022-12-16 14:51:41,523 - weather-telegram - INFO - Getting updates
2022-12-16 14:51:41,538 - weather-telegram - DEBUG - URL: https://api.telegram.org/bot5537243600:AAEOiIAfpk89B_0wawqFOrJ0DffYx48Ybr8/getUpdates?timeout=None
2022-12-16 14:51:45,651 - weather-telegram - INFO - Getting updates
2022-12-16 14:51:45,652 - weather-telegram - DEBUG - URL: https://api.telegram.org/bot5537243600:AAEOiIAfpk89B_0wawqFOrJ0DffYx48Ybr8/getUpdates?timeout=None
2022-12-16 14:51:46,845 - weather-telegram - INFO - Getting updates
2022-12-16 14:51:46,854 - weather-telegram - DEBUG - URL: https://api.telegram.org/bot5537243600:AAEOiIAfpk89B_0wawqFOrJ0DffYx48Ybr8/getUpdates?timeout=None
2022-12-16 14:51:51,202 - weather-telegram - INFO - Getting updates
2022-12-16 14:51:51,205 - weather-telegram - DEBUG - URL: https://api.telegram.org/bot5537243600:AAEOiIAfpk89B_0wawqFOrJ0DffYx48Ybr8/getUpdates?timeout=None
2022-12-16 14:51:52,331 - weather-telegram - INFO - Getting updates
2022-12-16 14:51:52,331 - weather-telegram - DEBUG - URL: https://api.telegram.org/bot5537243600:AAEOiIAfpk89B_0wawqFOrJ0DffYx48Ybr8/getUpdates?timeout=None
2022-12-16 14:51:56,459 - weather-telegram - INFO - Getting updates
2022-12-16 14:51:56,461 - weather-telegram - DEBUG - URL: https://api.telegram.org/bot5537243600:AAEOiIAfpk89B_0wawqFOrJ0DffYx48Ybr8/getUpdates?timeout=None
2022-12-16 14:51:57,613 - weather-telegram - INFO - Getting updates
2022-12-16 14:51:57,613 - weather-telegram - DEBUG - URL: https://api.telegram.org/bot5537243600:AAEOiIAfpk89B_0wawqFOrJ0DffYx48Ybr8/getUpdates?timeout=None
2022-12-16 14:52:01,727 - weather-telegram - INFO - Getting updates
2022-12-16 14:52:01,738 - weather-telegram - DEBUG - URL: https://api.telegram.org/bot5537243600:AAEOiIAfpk89B_0wawqFOrJ0DffYx48Ybr8/getUpdates?timeout=None
2022-12-16 14:52:03,126 - weather-telegram - INFO - Getting updates
2022-12-16 14:52:03,143 - weather-telegram - DEBUG - URL: https://api.telegram.org/bot5537243600:AAEOiIAfpk89B_0wawqFOrJ0DffYx48Ybr8/getUpdates?timeout=None
2022-12-16 14:52:07,235 - weather-telegram - INFO - Getting updates
2022-12-16 14:52:07,238 - weather-telegram - DEBUG - URL: https://api.telegram.org/bot5537243600:AAEOiIAfpk89B_0wawqFOrJ0DffYx48Ybr8/getUpdates?timeout=None
2022-12-16 14:52:08,447 - weather-telegram - INFO - Getting updates
2022-12-16 14:52:08,447 - weather-telegram - DEBUG - URL: https://api.telegram.org/bot5537243600:AAEOiIAfpk89B_0wawqFOrJ0DffYx48Ybr8/getUpdates?timeout=None
2022-12-16 14:52:12,579 - weather-telegram - INFO - Getting updates
2022-12-16 14:52:12,580 - weather-telegram - DEBUG - URL: https://api.telegram.org/bot5537243600:AAEOiIAfpk89B_0wawqFOrJ0DffYx48Ybr8/getUpdates?timeout=None
2022-12-16 14:52:13,742 - weather-telegram - INFO - Getting updates
2022-12-16 14:52:13,746 - weather-telegram - DEBUG - URL: https://api.telegram.org/bot5537243600:AAEOiIAfpk89B_0wawqFOrJ0DffYx48Ybr8/getUpdates?timeout=None
2022-12-16 14:52:17,899 - weather-telegram - INFO - Getting updates
2022-12-16 14:52:17,899 - weather-telegram - DEBUG - URL: https://api.telegram.org/bot5537243600:AAEOiIAfpk89B_0wawqFOrJ0DffYx48Ybr8/getUpdates?timeout=None
2022-12-16 14:52:19,020 - weather-telegram - INFO - Getting updates
2022-12-16 14:52:19,022 - weather-telegram - DEBUG - URL: https://api.telegram.org/bot5537243600:AAEOiIAfpk89B_0wawqFOrJ0DffYx48Ybr8/getUpdates?timeout=None
2022-12-16 14:52:23,164 - weather-telegram - INFO - Getting updates
2022-12-16 14:52:23,166 - weather-telegram - DEBUG - URL: https://api.telegram.org/bot5537243600:AAEOiIAfpk89B_0wawqFOrJ0DffYx48Ybr8/getUpdates?timeout=None
2022-12-16 14:52:24,300 - weather-telegram - INFO - Getting updates
2022-12-16 14:52:24,303 - weather-telegram - DEBUG - URL: https://api.telegram.org/bot5537243600:AAEOiIAfpk89B_0wawqFOrJ0DffYx48Ybr8/getUpdates?timeout=None
2022-12-16 14:52:28,863 - weather-telegram - INFO - Getting updates
2022-12-16 14:52:28,863 - weather-telegram - DEBUG - URL: https://api.telegram.org/bot5537243600:AAEOiIAfpk89B_0wawqFOrJ0DffYx48Ybr8/getUpdates?timeout=None
2022-12-16 14:52:29,975 - weather-telegram - INFO - Getting updates
2022-12-16 14:52:29,975 - weather-telegram - DEBUG - URL: https://api.telegram.org/bot5537243600:AAEOiIAfpk89B_0wawqFOrJ0DffYx48Ybr8/getUpdates?timeout=None
2022-12-16 14:52:34,176 - weather-telegram - INFO - Getting updates
2022-12-16 14:52:34,177 - weather-telegram - DEBUG - URL: https://api.telegram.org/bot5537243600:AAEOiIAfpk89B_0wawqFOrJ0DffYx48Ybr8/getUpdates?timeout=None
2022-12-16 14:52:35,319 - weather-telegram - INFO - Getting updates
2022-12-16 14:52:35,321 - weather-telegram - DEBUG - URL: https://api.telegram.org/bot5537243600:AAEOiIAfpk89B_0wawqFOrJ0DffYx48Ybr8/getUpdates?timeout=None
2022-12-16 14:52:39,524 - weather-telegram - INFO - Getting updates
2022-12-16 14:52:39,525 - weather-telegram - DEBUG - URL: https://api.telegram.org/bot5537243600:AAEOiIAfpk89B_0wawqFOrJ0DffYx48Ybr8/getUpdates?timeout=None
2022-12-16 14:52:40,774 - weather-telegram - INFO - Getting updates
2022-12-16 14:52:40,776 - weather-telegram - DEBUG - URL: https://api.telegram.org/bot5537243600:AAEOiIAfpk89B_0wawqFOrJ0DffYx48Ybr8/getUpdates?timeout=None
2022-12-16 14:52:44,894 - weather-telegram - INFO - Getting updates
2022-12-16 14:52:44,895 - weather-telegram - DEBUG - URL: https://api.telegram.org/bot5537243600:AAEOiIAfpk89B_0wawqFOrJ0DffYx48Ybr8/getUpdates?timeout=None
2022-12-16 14:52:46,024 - weather-telegram - INFO - Getting updates
2022-12-16 14:52:46,024 - weather-telegram - DEBUG - URL: https://api.telegram.org/bot5537243600:AAEOiIAfpk89B_0wawqFOrJ0DffYx48Ybr8/getUpdates?timeout=None
2022-12-16 14:52:50,147 - weather-telegram - INFO - Getting updates
2022-12-16 14:52:50,152 - weather-telegram - DEBUG - URL: https://api.telegram.org/bot5537243600:AAEOiIAfpk89B_0wawqFOrJ0DffYx48Ybr8/getUpdates?timeout=None
2022-12-16 14:52:51,295 - weather-telegram - INFO - Getting updates
2022-12-16 14:52:51,301 - weather-telegram - DEBUG - URL: https://api.telegram.org/bot5537243600:AAEOiIAfpk89B_0wawqFOrJ0DffYx48Ybr8/getUpdates?timeout=None
2022-12-16 14:52:55,472 - weather-telegram - INFO - Getting updates
2022-12-16 14:52:55,472 - weather-telegram - DEBUG - URL: https://api.telegram.org/bot5537243600:AAEOiIAfpk89B_0wawqFOrJ0DffYx48Ybr8/getUpdates?timeout=None
2022-12-16 14:52:56,674 - weather-telegram - INFO - Getting updates
2022-12-16 14:52:56,675 - weather-telegram - DEBUG - URL: https://api.telegram.org/bot5537243600:AAEOiIAfpk89B_0wawqFOrJ0DffYx48Ybr8/getUpdates?timeout=None
2022-12-16 14:53:00,805 - weather-telegram - INFO - Getting updates
2022-12-16 14:53:00,806 - weather-telegram - DEBUG - URL: https://api.telegram.org/bot5537243600:AAEOiIAfpk89B_0wawqFOrJ0DffYx48Ybr8/getUpdates?timeout=None
2022-12-16 14:53:01,965 - weather-telegram - INFO - Getting updates
2022-12-16 14:53:01,968 - weather-telegram - DEBUG - URL: https://api.telegram.org/bot5537243600:AAEOiIAfpk89B_0wawqFOrJ0DffYx48Ybr8/getUpdates?timeout=None
2022-12-16 14:53:06,141 - weather-telegram - INFO - Getting updates
2022-12-16 14:53:06,142 - weather-telegram - DEBUG - URL: https://api.telegram.org/bot5537243600:AAEOiIAfpk89B_0wawqFOrJ0DffYx48Ybr8/getUpdates?timeout=None
2022-12-16 14:53:07,267 - weather-telegram - INFO - Getting updates
2022-12-16 14:53:07,269 - weather-telegram - DEBUG - URL: https://api.telegram.org/bot5537243600:AAEOiIAfpk89B_0wawqFOrJ0DffYx48Ybr8/getUpdates?timeout=None
2022-12-16 14:53:11,382 - weather-telegram - INFO - Getting updates
2022-12-16 14:53:11,383 - weather-telegram - DEBUG - URL: https://api.telegram.org/bot5537243600:AAEOiIAfpk89B_0wawqFOrJ0DffYx48Ybr8/getUpdates?timeout=None
2022-12-16 14:53:12,648 - weather-telegram - INFO - Getting updates
2022-12-16 14:53:12,648 - weather-telegram - DEBUG - URL: https://api.telegram.org/bot5537243600:AAEOiIAfpk89B_0wawqFOrJ0DffYx48Ybr8/getUpdates?timeout=None
2022-12-16 14:53:16,773 - weather-telegram - INFO - Getting updates
2022-12-16 14:53:16,777 - weather-telegram - DEBUG - URL: https://api.telegram.org/bot5537243600:AAEOiIAfpk89B_0wawqFOrJ0DffYx48Ybr8/getUpdates?timeout=None
2022-12-16 14:53:17,895 - weather-telegram - INFO - Getting updates
2022-12-16 14:53:17,896 - weather-telegram - DEBUG - URL: https://api.telegram.org/bot5537243600:AAEOiIAfpk89B_0wawqFOrJ0DffYx48Ybr8/getUpdates?timeout=None
2022-12-16 14:53:22,024 - weather-telegram - INFO - Getting updates
2022-12-16 14:53:22,024 - weather-telegram - DEBUG - URL: https://api.telegram.org/bot5537243600:AAEOiIAfpk89B_0wawqFOrJ0DffYx48Ybr8/getUpdates?timeout=None
2022-12-16 14:53:23,151 - weather-telegram - INFO - Getting updates
2022-12-16 14:53:23,151 - weather-telegram - DEBUG - URL: https://api.telegram.org/bot5537243600:AAEOiIAfpk89B_0wawqFOrJ0DffYx48Ybr8/getUpdates?timeout=None
2022-12-16 14:53:27,272 - weather-telegram - INFO - Getting updates
2022-12-16 14:53:27,275 - weather-telegram - DEBUG - URL: https://api.telegram.org/bot5537243600:AAEOiIAfpk89B_0wawqFOrJ0DffYx48Ybr8/getUpdates?timeout=None
2022-12-16 14:53:28,546 - weather-telegram - INFO - Getting updates
2022-12-16 14:53:28,546 - weather-telegram - DEBUG - URL: https://api.telegram.org/bot5537243600:AAEOiIAfpk89B_0wawqFOrJ0DffYx48Ybr8/getUpdates?timeout=None
2022-12-16 14:53:32,672 - weather-telegram - INFO - Getting updates
2022-12-16 14:53:32,672 - weather-telegram - DEBUG - URL: https://api.telegram.org/bot5537243600:AAEOiIAfpk89B_0wawqFOrJ0DffYx48Ybr8/getUpdates?timeout=None
2022-12-16 14:53:33,806 - weather-telegram - INFO - Getting updates
2022-12-16 14:53:33,808 - weather-telegram - DEBUG - URL: https://api.telegram.org/bot5537243600:AAEOiIAfpk89B_0wawqFOrJ0DffYx48Ybr8/getUpdates?timeout=None
2022-12-16 14:53:37,924 - weather-telegram - INFO - Getting updates
2022-12-16 14:53:37,924 - weather-telegram - DEBUG - URL: https://api.telegram.org/bot5537243600:AAEOiIAfpk89B_0wawqFOrJ0DffYx48Ybr8/getUpdates?timeout=None
2022-12-16 14:53:39,058 - weather-telegram - INFO - Getting updates
2022-12-16 14:53:39,061 - weather-telegram - DEBUG - URL: https://api.telegram.org/bot5537243600:AAEOiIAfpk89B_0wawqFOrJ0DffYx48Ybr8/getUpdates?timeout=None
2022-12-16 14:53:43,169 - weather-telegram - INFO - Getting updates
2022-12-16 14:53:43,171 - weather-telegram - DEBUG - URL: https://api.telegram.org/bot5537243600:AAEOiIAfpk89B_0wawqFOrJ0DffYx48Ybr8/getUpdates?timeout=None
2022-12-16 14:53:44,302 - weather-telegram - INFO - Getting updates
2022-12-16 14:53:44,303 - weather-telegram - DEBUG - URL: https://api.telegram.org/bot5537243600:AAEOiIAfpk89B_0wawqFOrJ0DffYx48Ybr8/getUpdates?timeout=None
2022-12-16 14:53:48,421 - weather-telegram - INFO - Getting updates
2022-12-16 14:53:48,422 - weather-telegram - DEBUG - URL: https://api.telegram.org/bot5537243600:AAEOiIAfpk89B_0wawqFOrJ0DffYx48Ybr8/getUpdates?timeout=None
2022-12-16 14:53:49,547 - weather-telegram - INFO - Getting updates
2022-12-16 14:53:49,550 - weather-telegram - DEBUG - URL: https://api.telegram.org/bot5537243600:AAEOiIAfpk89B_0wawqFOrJ0DffYx48Ybr8/getUpdates?timeout=None
2022-12-16 14:53:53,681 - weather-telegram - INFO - Getting updates
2022-12-16 14:53:53,683 - weather-telegram - DEBUG - URL: https://api.telegram.org/bot5537243600:AAEOiIAfpk89B_0wawqFOrJ0DffYx48Ybr8/getUpdates?timeout=None
2022-12-16 14:53:54,969 - weather-telegram - INFO - Getting updates
2022-12-16 14:53:54,970 - weather-telegram - DEBUG - URL: https://api.telegram.org/bot5537243600:AAEOiIAfpk89B_0wawqFOrJ0DffYx48Ybr8/getUpdates?timeout=None
2022-12-16 14:53:59,147 - weather-telegram - INFO - Getting updates
2022-12-16 14:53:59,148 - weather-telegram - DEBUG - URL: https://api.telegram.org/bot5537243600:AAEOiIAfpk89B_0wawqFOrJ0DffYx48Ybr8/getUpdates?timeout=None
2022-12-16 14:54:00,269 - weather-telegram - INFO - Getting updates
2022-12-16 14:54:00,270 - weather-telegram - DEBUG - URL: https://api.telegram.org/bot5537243600:AAEOiIAfpk89B_0wawqFOrJ0DffYx48Ybr8/getUpdates?timeout=None
2022-12-16 14:54:04,392 - weather-telegram - INFO - Getting updates
2022-12-16 14:54:04,392 - weather-telegram - DEBUG - URL: https://api.telegram.org/bot5537243600:AAEOiIAfpk89B_0wawqFOrJ0DffYx48Ybr8/getUpdates?timeout=None
2022-12-16 14:54:05,534 - weather-telegram - INFO - Getting updates
2022-12-16 14:54:05,535 - weather-telegram - DEBUG - URL: https://api.telegram.org/bot5537243600:AAEOiIAfpk89B_0wawqFOrJ0DffYx48Ybr8/getUpdates?timeout=None
2022-12-16 14:54:09,685 - weather-telegram - INFO - Getting updates
2022-12-16 14:54:09,686 - weather-telegram - DEBUG - URL: https://api.telegram.org/bot5537243600:AAEOiIAfpk89B_0wawqFOrJ0DffYx48Ybr8/getUpdates?timeout=None
2022-12-16 14:54:10,901 - weather-telegram - INFO - Getting updates
2022-12-16 14:54:10,902 - weather-telegram - DEBUG - URL: https://api.telegram.org/bot5537243600:AAEOiIAfpk89B_0wawqFOrJ0DffYx48Ybr8/getUpdates?timeout=None
2022-12-16 14:54:15,044 - weather-telegram - INFO - Getting updates
2022-12-16 14:54:15,044 - weather-telegram - DEBUG - URL: https://api.telegram.org/bot5537243600:AAEOiIAfpk89B_0wawqFOrJ0DffYx48Ybr8/getUpdates?timeout=None
2022-12-16 14:54:16,171 - weather-telegram - INFO - Getting updates
2022-12-16 14:54:16,172 - weather-telegram - DEBUG - URL: https://api.telegram.org/bot5537243600:AAEOiIAfpk89B_0wawqFOrJ0DffYx48Ybr8/getUpdates?timeout=None
2022-12-16 14:54:20,244 - weather-telegram - INFO - Getting updates
2022-12-16 14:54:20,245 - weather-telegram - DEBUG - URL: https://api.telegram.org/bot5537243600:AAEOiIAfpk89B_0wawqFOrJ0DffYx48Ybr8/getUpdates?timeout=None
2022-12-16 14:54:21,354 - weather-telegram - INFO - Getting updates
2022-12-16 14:54:21,355 - weather-telegram - DEBUG - URL: https://api.telegram.org/bot5537243600:AAEOiIAfpk89B_0wawqFOrJ0DffYx48Ybr8/getUpdates?timeout=None
2022-12-16 14:54:25,467 - weather-telegram - INFO - Getting updates
2022-12-16 14:54:25,467 - weather-telegram - DEBUG - URL: https://api.telegram.org/bot5537243600:AAEOiIAfpk89B_0wawqFOrJ0DffYx48Ybr8/getUpdates?timeout=None
2022-12-16 14:54:26,906 - weather-telegram - INFO - Getting updates
2022-12-16 14:54:26,907 - weather-telegram - DEBUG - URL: https://api.telegram.org/bot5537243600:AAEOiIAfpk89B_0wawqFOrJ0DffYx48Ybr8/getUpdates?timeout=None
2022-12-16 14:54:31,771 - weather-telegram - INFO - Getting updates
2022-12-16 14:54:31,771 - weather-telegram - DEBUG - URL: https://api.telegram.org/bot5537243600:AAEOiIAfpk89B_0wawqFOrJ0DffYx48Ybr8/getUpdates?timeout=None
2022-12-16 14:54:34,546 - weather-telegram - INFO - Getting updates
2022-12-16 14:54:34,546 - weather-telegram - DEBUG - URL: https://api.telegram.org/bot5537243600:AAEOiIAfpk89B_0wawqFOrJ0DffYx48Ybr8/getUpdates?timeout=None
2022-12-16 14:54:40,284 - weather-telegram - INFO - Getting updates
2022-12-16 14:54:40,284 - weather-telegram - DEBUG - URL: https://api.telegram.org/bot5537243600:AAEOiIAfpk89B_0wawqFOrJ0DffYx48Ybr8/getUpdates?timeout=None
2022-12-16 14:54:46,057 - weather-telegram - INFO - Getting updates
2022-12-16 14:54:46,059 - weather-telegram - DEBUG - URL: https://api.telegram.org/bot5537243600:AAEOiIAfpk89B_0wawqFOrJ0DffYx48Ybr8/getUpdates?timeout=None
2022-12-16 14:54:52,883 - weather-telegram - INFO - Getting updates
2022-12-16 14:54:52,885 - weather-telegram - DEBUG - URL: https://api.telegram.org/bot5537243600:AAEOiIAfpk89B_0wawqFOrJ0DffYx48Ybr8/getUpdates?timeout=None
2022-12-16 14:54:59,364 - weather-telegram - INFO - Getting updates
2022-12-16 14:54:59,366 - weather-telegram - DEBUG - URL: https://api.telegram.org/bot5537243600:AAEOiIAfpk89B_0wawqFOrJ0DffYx48Ybr8/getUpdates?timeout=None
2022-12-16 14:55:04,669 - weather-telegram - INFO - Getting updates
2022-12-16 14:55:04,670 - weather-telegram - DEBUG - URL: https://api.telegram.org/bot5537243600:AAEOiIAfpk89B_0wawqFOrJ0DffYx48Ybr8/getUpdates?timeout=None
2022-12-16 14:55:09,476 - weather-telegram - INFO - Getting updates
2022-12-16 14:55:09,480 - weather-telegram - DEBUG - URL: https://api.telegram.org/bot5537243600:AAEOiIAfpk89B_0wawqFOrJ0DffYx48Ybr8/getUpdates?timeout=None
2022-12-16 14:55:14,562 - weather-telegram - INFO - Getting updates
2022-12-16 14:55:14,562 - weather-telegram - DEBUG - URL: https://api.telegram.org/bot5537243600:AAEOiIAfpk89B_0wawqFOrJ0DffYx48Ybr8/getUpdates?timeout=None
2022-12-16 14:55:19,862 - weather-telegram - INFO - Getting updates
2022-12-16 14:55:19,862 - weather-telegram - DEBUG - URL: https://api.telegram.org/bot5537243600:AAEOiIAfpk89B_0wawqFOrJ0DffYx48Ybr8/getUpdates?timeout=None
2022-12-16 14:55:26,363 - weather-telegram - INFO - Getting updates
2022-12-16 14:55:26,363 - weather-telegram - DEBUG - URL: https://api.telegram.org/bot5537243600:AAEOiIAfpk89B_0wawqFOrJ0DffYx48Ybr8/getUpdates?timeout=None
2022-12-16 14:55:33,557 - weather-telegram - INFO - Getting updates
2022-12-16 14:55:33,558 - weather-telegram - DEBUG - URL: https://api.telegram.org/bot5537243600:AAEOiIAfpk89B_0wawqFOrJ0DffYx48Ybr8/getUpdates?timeout=None
2022-12-16 14:55:38,862 - weather-telegram - INFO - Getting updates
2022-12-16 14:55:38,864 - weather-telegram - DEBUG - URL: https://api.telegram.org/bot5537243600:AAEOiIAfpk89B_0wawqFOrJ0DffYx48Ybr8/getUpdates?timeout=None
2022-12-16 14:55:43,053 - weather-telegram - INFO - Getting updates
2022-12-16 14:55:43,053 - weather-telegram - DEBUG - URL: https://api.telegram.org/bot5537243600:AAEOiIAfpk89B_0wawqFOrJ0DffYx48Ybr8/getUpdates?timeout=None
2022-12-16 14:55:47,862 - weather-telegram - INFO - Getting updates
2022-12-16 14:55:47,865 - weather-telegram - DEBUG - URL: https://api.telegram.org/bot5537243600:AAEOiIAfpk89B_0wawqFOrJ0DffYx48Ybr8/getUpdates?timeout=None
2022-12-16 14:55:50,943 - weather-telegram - INFO - Getting updates
2022-12-16 14:55:50,962 - weather-telegram - DEBUG - URL: https://api.telegram.org/bot5537243600:AAEOiIAfpk89B_0wawqFOrJ0DffYx48Ybr8/getUpdates?timeout=None
2022-12-16 14:55:55,152 - weather-telegram - INFO - Getting updates
2022-12-16 14:55:55,153 - weather-telegram - DEBUG - URL: https://api.telegram.org/bot5537243600:AAEOiIAfpk89B_0wawqFOrJ0DffYx48Ybr8/getUpdates?timeout=None
2022-12-16 14:55:56,355 - weather-telegram - INFO - Getting updates
2022-12-16 14:55:56,356 - weather-telegram - DEBUG - URL: https://api.telegram.org/bot5537243600:AAEOiIAfpk89B_0wawqFOrJ0DffYx48Ybr8/getUpdates?timeout=None
2022-12-16 14:56:00,756 - weather-telegram - INFO - Getting updates
2022-12-16 14:56:00,757 - weather-telegram - DEBUG - URL: https://api.telegram.org/bot5537243600:AAEOiIAfpk89B_0wawqFOrJ0DffYx48Ybr8/getUpdates?timeout=None
2022-12-16 14:56:01,936 - weather-telegram - INFO - Getting updates
2022-12-16 14:56:01,938 - weather-telegram - DEBUG - URL: https://api.telegram.org/bot5537243600:AAEOiIAfpk89B_0wawqFOrJ0DffYx48Ybr8/getUpdates?timeout=None
2022-12-16 14:56:06,323 - weather-telegram - INFO - Getting updates
2022-12-16 14:56:06,327 - weather-telegram - DEBUG - URL: https://api.telegram.org/bot5537243600:AAEOiIAfpk89B_0wawqFOrJ0DffYx48Ybr8/getUpdates?timeout=None
2022-12-16 14:56:07,645 - weather-telegram - INFO - Getting updates
2022-12-16 14:56:07,647 - weather-telegram - DEBUG - URL: https://api.telegram.org/bot5537243600:AAEOiIAfpk89B_0wawqFOrJ0DffYx48Ybr8/getUpdates?timeout=None
2022-12-16 14:56:13,649 - weather-telegram - INFO - Getting updates
2022-12-16 14:56:13,651 - weather-telegram - DEBUG - URL: https://api.telegram.org/bot5537243600:AAEOiIAfpk89B_0wawqFOrJ0DffYx48Ybr8/getUpdates?timeout=None
2022-12-16 14:56:15,045 - weather-telegram - INFO - Getting updates
2022-12-16 14:56:15,051 - weather-telegram - DEBUG - URL: https://api.telegram.org/bot5537243600:AAEOiIAfpk89B_0wawqFOrJ0DffYx48Ybr8/getUpdates?timeout=None
2022-12-16 14:56:20,777 - weather-telegram - INFO - Getting updates
2022-12-16 14:56:20,788 - weather-telegram - DEBUG - URL: https://api.telegram.org/bot5537243600:AAEOiIAfpk89B_0wawqFOrJ0DffYx48Ybr8/getUpdates?timeout=None
2022-12-16 14:56:23,628 - weather-telegram - INFO - Getting updates
2022-12-16 14:56:23,628 - weather-telegram - DEBUG - URL: https://api.telegram.org/bot5537243600:AAEOiIAfpk89B_0wawqFOrJ0DffYx48Ybr8/getUpdates?timeout=None
2022-12-16 14:56:28,139 - weather-telegram - INFO - Getting updates
2022-12-16 14:56:28,142 - weather-telegram - DEBUG - URL: https://api.telegram.org/bot5537243600:AAEOiIAfpk89B_0wawqFOrJ0DffYx48Ybr8/getUpdates?timeout=None
2022-12-16 14:56:35,055 - weather-telegram - INFO - Getting updates
2022-12-16 14:56:35,059 - weather-telegram - DEBUG - URL: https://api.telegram.org/bot5537243600:AAEOiIAfpk89B_0wawqFOrJ0DffYx48Ybr8/getUpdates?timeout=None
2022-12-16 14:56:55,738 - weather-telegram - INFO - Getting updates
2022-12-16 14:56:55,739 - weather-telegram - DEBUG - URL: https://api.telegram.org/bot5537243600:AAEOiIAfpk89B_0wawqFOrJ0DffYx48Ybr8/getUpdates?timeout=None
2022-12-16 14:56:59,039 - weather-telegram - INFO - Getting updates
2022-12-16 14:56:59,040 - weather-telegram - DEBUG - URL: https://api.telegram.org/bot5537243600:AAEOiIAfpk89B_0wawqFOrJ0DffYx48Ybr8/getUpdates?timeout=None
2022-12-16 14:57:03,376 - weather-telegram - INFO - Getting updates
2022-12-16 14:57:03,376 - weather-telegram - DEBUG - URL: https://api.telegram.org/bot5537243600:AAEOiIAfpk89B_0wawqFOrJ0DffYx48Ybr8/getUpdates?timeout=None
2022-12-16 14:57:04,774 - weather-telegram - INFO - Getting updates
2022-12-16 14:57:04,841 - weather-telegram - DEBUG - URL: https://api.telegram.org/bot5537243600:AAEOiIAfpk89B_0wawqFOrJ0DffYx48Ybr8/getUpdates?timeout=None
2022-12-16 14:57:09,462 - weather-telegram - INFO - Getting updates
2022-12-16 14:57:09,462 - weather-telegram - DEBUG - URL: https://api.telegram.org/bot5537243600:AAEOiIAfpk89B_0wawqFOrJ0DffYx48Ybr8/getUpdates?timeout=None
2022-12-16 14:57:11,322 - weather-telegram - INFO - Getting updates
2022-12-16 14:57:11,323 - weather-telegram - DEBUG - URL: https://api.telegram.org/bot5537243600:AAEOiIAfpk89B_0wawqFOrJ0DffYx48Ybr8/getUpdates?timeout=None
2022-12-16 14:57:15,526 - weather-telegram - INFO - Getting updates
2022-12-16 14:57:15,532 - weather-telegram - DEBUG - URL: https://api.telegram.org/bot5537243600:AAEOiIAfpk89B_0wawqFOrJ0DffYx48Ybr8/getUpdates?timeout=None
2022-12-16 14:57:16,674 - weather-telegram - INFO - Getting updates
2022-12-16 14:57:16,748 - weather-telegram - DEBUG - URL: https://api.telegram.org/bot5537243600:AAEOiIAfpk89B_0wawqFOrJ0DffYx48Ybr8/getUpdates?timeout=None
2022-12-16 14:57:20,925 - weather-telegram - INFO - Getting updates
2022-12-16 14:57:20,925 - weather-telegram - DEBUG - URL: https://api.telegram.org/bot5537243600:AAEOiIAfpk89B_0wawqFOrJ0DffYx48Ybr8/getUpdates?timeout=None
2022-12-16 14:57:22,050 - weather-telegram - INFO - Getting updates
2022-12-16 14:57:22,051 - weather-telegram - DEBUG - URL: https://api.telegram.org/bot5537243600:AAEOiIAfpk89B_0wawqFOrJ0DffYx48Ybr8/getUpdates?timeout=None
2022-12-16 14:57:26,257 - weather-telegram - INFO - Getting updates
2022-12-16 14:57:26,258 - weather-telegram - DEBUG - URL: https://api.telegram.org/bot5537243600:AAEOiIAfpk89B_0wawqFOrJ0DffYx48Ybr8/getUpdates?timeout=None
2022-12-16 14:57:27,570 - weather-telegram - INFO - Getting updates
2022-12-16 14:57:27,571 - weather-telegram - DEBUG - URL: https://api.telegram.org/bot5537243600:AAEOiIAfpk89B_0wawqFOrJ0DffYx48Ybr8/getUpdates?timeout=None
2022-12-16 14:57:32,058 - weather-telegram - INFO - Getting updates
2022-12-16 14:57:32,062 - weather-telegram - DEBUG - URL: https://api.telegram.org/bot5537243600:AAEOiIAfpk89B_0wawqFOrJ0DffYx48Ybr8/getUpdates?timeout=None
2022-12-16 14:57:33,261 - weather-telegram - INFO - Getting updates
2022-12-16 14:57:33,268 - weather-telegram - DEBUG - URL: https://api.telegram.org/bot5537243600:AAEOiIAfpk89B_0wawqFOrJ0DffYx48Ybr8/getUpdates?timeout=None
2022-12-16 14:57:37,560 - weather-telegram - INFO - Getting updates
2022-12-16 14:57:37,565 - weather-telegram - DEBUG - URL: https://api.telegram.org/bot5537243600:AAEOiIAfpk89B_0wawqFOrJ0DffYx48Ybr8/getUpdates?timeout=None
2022-12-16 14:57:38,773 - weather-telegram - INFO - Getting updates
2022-12-16 14:57:38,774 - weather-telegram - DEBUG - URL: https://api.telegram.org/bot5537243600:AAEOiIAfpk89B_0wawqFOrJ0DffYx48Ybr8/getUpdates?timeout=None
2022-12-16 14:57:43,047 - weather-telegram - INFO - Getting updates
2022-12-16 14:57:43,047 - weather-telegram - DEBUG - URL: https://api.telegram.org/bot5537243600:AAEOiIAfpk89B_0wawqFOrJ0DffYx48Ybr8/getUpdates?timeout=None
2022-12-16 14:57:44,157 - weather-telegram - INFO - Getting updates
2022-12-16 14:57:44,157 - weather-telegram - DEBUG - URL: https://api.telegram.org/bot5537243600:AAEOiIAfpk89B_0wawqFOrJ0DffYx48Ybr8/getUpdates?timeout=None
2022-12-16 14:57:48,355 - weather-telegram - INFO - Getting updates
2022-12-16 14:57:48,356 - weather-telegram - DEBUG - URL: https://api.telegram.org/bot5537243600:AAEOiIAfpk89B_0wawqFOrJ0DffYx48Ybr8/getUpdates?timeout=None
2022-12-16 14:57:49,668 - weather-telegram - INFO - Getting updates
2022-12-16 14:57:49,669 - weather-telegram - DEBUG - URL: https://api.telegram.org/bot5537243600:AAEOiIAfpk89B_0wawqFOrJ0DffYx48Ybr8/getUpdates?timeout=None
2022-12-16 14:57:53,851 - weather-telegram - INFO - Getting updates
2022-12-16 14:57:53,854 - weather-telegram - DEBUG - URL: https://api.telegram.org/bot5537243600:AAEOiIAfpk89B_0wawqFOrJ0DffYx48Ybr8/getUpdates?timeout=None
2022-12-16 14:57:55,072 - weather-telegram - INFO - Getting updates
2022-12-16 14:57:55,074 - weather-telegram - DEBUG - URL: https://api.telegram.org/bot5537243600:AAEOiIAfpk89B_0wawqFOrJ0DffYx48Ybr8/getUpdates?timeout=None
2022-12-16 14:57:57,957 - weather-telegram - INFO - Getting updates
2022-12-16 14:57:57,963 - weather-telegram - DEBUG - URL: https://api.telegram.org/bot5537243600:AAEOiIAfpk89B_0wawqFOrJ0DffYx48Ybr8/getUpdates?timeout=None&offset=681960610
2022-12-16 14:57:59,358 - weather-telegram - INFO - Getting updates
2022-12-16 14:57:59,360 - weather-telegram - DEBUG - URL: https://api.telegram.org/bot5537243600:AAEOiIAfpk89B_0wawqFOrJ0DffYx48Ybr8/getUpdates?timeout=None&offset=681960610
2022-12-16 14:58:02,651 - weather-telegram - INFO - Getting updates
2022-12-16 14:58:02,653 - weather-telegram - DEBUG - URL: https://api.telegram.org/bot5537243600:AAEOiIAfpk89B_0wawqFOrJ0DffYx48Ybr8/getUpdates?timeout=None&offset=681960611
2022-12-16 14:58:03,762 - weather-telegram - INFO - Getting updates
2022-12-16 14:58:03,763 - weather-telegram - DEBUG - URL: https://api.telegram.org/bot5537243600:AAEOiIAfpk89B_0wawqFOrJ0DffYx48Ybr8/getUpdates?timeout=None&offset=681960611
2022-12-16 14:58:06,245 - weather-telegram - INFO - Weather requested for Nairobi
2022-12-16 14:58:06,246 - weather-telegram - INFO - Requesting weather: http://api.openweathermap.org/data/2.5/weather?appid=ed0b2d87cc61572f8ae096b3700e8d28&units=metric&q=Nairobi
2022-12-16 14:58:06,247 - weather-telegram - DEBUG - URL: http://api.openweathermap.org/data/2.5/weather?appid=ed0b2d87cc61572f8ae096b3700e8d28&units=metric&q=Nairobi
2022-12-16 14:58:06,848 - weather-telegram - DEBUG - {'coord': {'lon': 36.8167, 'lat': -1.2833}, 'weather': [{'id': 802, 'main': 'Clouds', 'description': 'scattered clouds', 'icon': '03d'}], 'base': 'stations', 'main': {'temp': 26.19, 'feels_like': 26.19, 'temp_min': 25.93, 'temp_max': 26.65, 'pressure': 1018, 'humidity': 36}, 'visibility': 10000, 'wind': {'speed': 5.14, 'deg': 90}, 'clouds': {'all': 40}, 'dt': 1671191340, 'sys': {'type': 1, 'id': 2558, 'country': 'KE', 'sunrise': 1671160947, 'sunset': 1671204847}, 'timezone': 10800, 'id': 184745, 'name': 'Nairobi', 'cod': 200}
2022-12-16 14:58:08,052 - weather-telegram - INFO - Getting updates
2022-12-16 14:58:08,052 - weather-telegram - DEBUG - URL: https://api.telegram.org/bot5537243600:AAEOiIAfpk89B_0wawqFOrJ0DffYx48Ybr8/getUpdates?timeout=None&offset=681960612
2022-12-16 14:58:09,354 - weather-telegram - INFO - Getting updates
2022-12-16 14:58:09,365 - weather-telegram - DEBUG - URL: https://api.telegram.org/bot5537243600:AAEOiIAfpk89B_0wawqFOrJ0DffYx48Ybr8/getUpdates?timeout=None&offset=681960612
2022-12-16 14:58:13,655 - weather-telegram - INFO - Getting updates
2022-12-16 14:58:13,655 - weather-telegram - DEBUG - URL: https://api.telegram.org/bot5537243600:AAEOiIAfpk89B_0wawqFOrJ0DffYx48Ybr8/getUpdates?timeout=None&offset=681960612
2022-12-16 14:58:14,772 - weather-telegram - INFO - Getting updates
2022-12-16 14:58:14,782 - weather-telegram - DEBUG - URL: https://api.telegram.org/bot5537243600:AAEOiIAfpk89B_0wawqFOrJ0DffYx48Ybr8/getUpdates?timeout=None&offset=681960612
2022-12-16 14:58:18,970 - weather-telegram - INFO - Getting updates
2022-12-16 14:58:18,971 - weather-telegram - DEBUG - URL: https://api.telegram.org/bot5537243600:AAEOiIAfpk89B_0wawqFOrJ0DffYx48Ybr8/getUpdates?timeout=None&offset=681960612
2022-12-16 14:58:20,489 - weather-telegram - INFO - Getting updates
2022-12-16 14:58:20,490 - weather-telegram - DEBUG - URL: https://api.telegram.org/bot5537243600:AAEOiIAfpk89B_0wawqFOrJ0DffYx48Ybr8/getUpdates?timeout=None&offset=681960612
2022-12-16 14:58:24,871 - weather-telegram - INFO - Getting updates
2022-12-16 14:58:24,875 - weather-telegram - DEBUG - URL: https://api.telegram.org/bot5537243600:AAEOiIAfpk89B_0wawqFOrJ0DffYx48Ybr8/getUpdates?timeout=None&offset=681960612
2022-12-16 14:58:26,153 - weather-telegram - INFO - Getting updates
2022-12-16 14:58:26,154 - weather-telegram - DEBUG - URL: https://api.telegram.org/bot5537243600:AAEOiIAfpk89B_0wawqFOrJ0DffYx48Ybr8/getUpdates?timeout=None&offset=681960612
2022-12-16 14:58:30,359 - weather-telegram - INFO - Getting updates
2022-12-16 14:58:30,363 - weather-telegram - DEBUG - URL: https://api.telegram.org/bot5537243600:AAEOiIAfpk89B_0wawqFOrJ0DffYx48Ybr8/getUpdates?timeout=None&offset=681960612
2022-12-16 14:58:31,754 - weather-telegram - INFO - Getting updates
2022-12-16 14:58:31,754 - weather-telegram - DEBUG - URL: https://api.telegram.org/bot5537243600:AAEOiIAfpk89B_0wawqFOrJ0DffYx48Ybr8/getUpdates?timeout=None&offset=681960612
2022-12-16 14:58:36,258 - weather-telegram - INFO - Getting updates
2022-12-16 14:58:36,259 - weather-telegram - DEBUG - URL: https://api.telegram.org/bot5537243600:AAEOiIAfpk89B_0wawqFOrJ0DffYx48Ybr8/getUpdates?timeout=None&offset=681960612
2022-12-16 14:58:37,559 - weather-telegram - INFO - Getting updates
2022-12-16 14:58:37,560 - weather-telegram - DEBUG - URL: https://api.telegram.org/bot5537243600:AAEOiIAfpk89B_0wawqFOrJ0DffYx48Ybr8/getUpdates?timeout=None&offset=681960612
2022-12-16 14:58:42,045 - weather-telegram - INFO - Getting updates
2022-12-16 14:58:42,046 - weather-telegram - DEBUG - URL: https://api.telegram.org/bot5537243600:AAEOiIAfpk89B_0wawqFOrJ0DffYx48Ybr8/getUpdates?timeout=None&offset=681960612
2022-12-16 14:58:43,264 - weather-telegram - INFO - Getting updates
2022-12-16 14:58:43,265 - weather-telegram - DEBUG - URL: https://api.telegram.org/bot5537243600:AAEOiIAfpk89B_0wawqFOrJ0DffYx48Ybr8/getUpdates?timeout=None&offset=681960612
2022-12-16 14:58:47,673 - weather-telegram - INFO - Getting updates
2022-12-16 14:58:47,673 - weather-telegram - DEBUG - URL: https://api.telegram.org/bot5537243600:AAEOiIAfpk89B_0wawqFOrJ0DffYx48Ybr8/getUpdates?timeout=None&offset=681960612
2022-12-16 14:58:49,642 - weather-telegram - INFO - Getting updates
2022-12-16 14:58:49,643 - weather-telegram - DEBUG - URL: https://api.telegram.org/bot5537243600:AAEOiIAfpk89B_0wawqFOrJ0DffYx48Ybr8/getUpdates?timeout=None&offset=681960612
2022-12-16 14:58:53,998 - weather-telegram - INFO - Getting updates
2022-12-16 14:58:54,001 - weather-telegram - DEBUG - URL: https://api.telegram.org/bot5537243600:AAEOiIAfpk89B_0wawqFOrJ0DffYx48Ybr8/getUpdates?timeout=None&offset=681960612
2022-12-16 14:58:54,244 - weather-telegram - INFO - SIGINT received. Exiting... Bye bye
